2019-12-30 17:47:19.191128 PST | ---------------------  ------------
2019-12-30 17:47:19.191320 PST | return-average          -186.292
2019-12-30 17:47:19.191456 PST | return-min              -308.636
2019-12-30 17:47:19.191570 PST | return-max              -124.769
2019-12-30 17:47:19.191682 PST | return-std                64.8684
2019-12-30 17:47:19.191793 PST | violate-average           57.6
2019-12-30 17:47:19.191904 PST | episode-length-avg       168
2019-12-30 17:47:19.192015 PST | episode-length-min       168
2019-12-30 17:47:19.192126 PST | episode-length-max       168
2019-12-30 17:47:19.192237 PST | episode-length-std         0
2019-12-30 17:47:19.192347 PST | qf-avg                   -20.5072
2019-12-30 17:47:19.192457 PST | mean-sq-bellman-error      0.778975
2019-12-30 17:47:19.192568 PST | epsilon                    0.95
2019-12-30 17:47:19.192678 PST | time-train                 6.85311
2019-12-30 17:47:19.192789 PST | time-eval                  0
2019-12-30 17:47:19.192899 PST | time-sample                3.75007
2019-12-30 17:47:19.193009 PST | time-total                24.2065
2019-12-30 17:47:19.193119 PST | epoch                      0
2019-12-30 17:47:19.193229 PST | pool-size              11000
2019-12-30 17:47:19.193339 PST | max-path-return         -755.874
2019-12-30 17:47:19.193450 PST | last-path-return        -784.374
2019-12-30 17:47:19.193560 PST | episodes                  65
2019-12-30 17:47:19.193678 PST | total-samples          11000
2019-12-30 17:47:19.193789 PST | ---------------------  ------------
